<?xml version="1.0" encoding="UTF-8"?>
<!-- Generated by org.testng.reporters.JUnitReportReporter -->
<testsuite hostname="Shveta_Laptop" failures="0" tests="4" name="com.testNg.TestNgAnnotations" time="0.011" errors="0" timestamp="2022-02-07T19:51:40 EST" skipped="0">
  <testcase classname="com.testNg.TestNgAnnotations" name="testcase3" time="0.002"/>
  <system-out/>
  <testcase classname="com.testNg.TestNgAnnotations" name="testcase2" time="0.001"/>
  <system-out/>
  <testcase classname="com.testNg.TestNgAnnotations" name="testcase4" time="0.002"/>
  <system-out/>
  <testcase classname="com.testNg.TestNgAnnotations" name="testcase1" time="0.006"/>
  <system-out/>
</testsuite> <!-- com.testNg.TestNgAnnotations -->
